**** do_train = *True*
**** do_valid = *True*
**** do_test = *True*
**** fp16 = *True*
**** seed = *42*
**** print_freq = *200*
**** debug = *False*
**** backend = *gloo*
**** encoder = *swin_base*
**** decoder = *lstm*
**** no_pretrained = *False*
**** use_checkpoint = *True*
**** dropout = *0.5*
**** embed_dim = *256*
**** enc_pos_emb = *False*
**** decoder_dim = *512*
**** decoder_layer = *1*
**** attention_dim = *256*
**** dec_num_layers = *6*
**** dec_hidden_size = *256*
**** dec_attn_heads = *8*
**** dec_num_queries = *128*
**** hidden_dropout = *0.1*
**** attn_dropout = *0.1*
**** max_relative_positions = *0*
**** data_path = */scratch/phys/sin/sethih1/molnext_data_file*
**** train_file = */scratch/phys/sin/sethih1/molnext_data_file/train_pubchem.csv*
**** valid_file = */scratch/phys/sin/sethih1/molnext_data_file/real/acs.csv*
**** test_file = */scratch/phys/sin/sethih1/molnext_data_file/real/acs.csv*
**** aux_file = */scratch/phys/sin/sethih1/molnext_data_file/uspto_mol/train_uspto.csv*
**** coords_file = *aux_file*
**** vocab_file = *MolNexTR/vocab/vocab_chars.json*
**** dynamic_indigo = *True*
**** default_option = *False*
**** pseudo_coords = *False*
**** include_condensed = *True*
**** formats = *['chartok_coords', 'edges']*
**** num_workers = *8*
**** input_size = *384*
**** multiscale = *False*
**** augment = *True*
**** mol_augment = *True*
**** coord_bins = *64*
**** sep_xy = *True*
**** mask_ratio = *0*
**** continuous_coords = *False*
**** epochs = *40*
**** batch_size = *64*
**** encoder_lr = *0.0004*
**** decoder_lr = *0.0004*
**** weight_decay = *1e-06*
**** max_grad_norm = *5.0*
**** scheduler = *cosine*
**** warmup_ratio = *0.02*
**** gradient_accumulation_steps = *1*
**** load_path = *None*
**** load_encoder_only = *False*
**** train_steps_per_epoch = *-1*
**** save_path = */home/sethih1/MolNexTR/exps/logs/*
**** save_mode = *all*
**** load_ckpt = *best*
**** resume = *False*
**** all_data = *False*
**** init_scheduler = *False*
**** label_smoothing = *0.1*
**** shuffle_nodes = *False*
**** save_image = *False*
**** beam_size = *1*
**** n_best = *1*
**** predict_coords = *False*
**** save_attns = *False*
**** molblock = *False*
**** compute_confidence = *False*
**** keep_main_molecule = *False*
**** device = *cuda*
**** local_rank = *0*
**** nodes = *True*
**** edges = *True*
